<?xml version="1.0" encoding="UTF-8"?>
<!-- Generated by org.testng.reporters.JUnitXMLReporter -->
<testsuite ignored="0" hostname="LAPTOP-244IHO30" failures="0" tests="5" name="Default test" time="0.053" errors="0" timestamp="2023-03-11T16:31:32 IST">
  <testcase classname="demo.TestNgTutorialPersonelLoan" name="loginWithAPI" time="0.006"/>
  <testcase classname="demo.TestNgTutorialPersonelLoan" name="loginWithMobile" time="0.001"/>
  <testcase classname="demo.TestNgTutorialPersonelLoan" name="loginWithWeb" time="0.001"/>
  <testcase classname="demo.TestNgTutorialPersonelLoan" name="loginWithWeb" time="0.001"/>
  <testcase classname="demo.TestNgTutorialPersonelLoan" name="loginWithWeb" time="0.001"/>
</testsuite> <!-- Default test -->
