<?xml version="1.0" encoding="UTF-8"?>
<!-- Generated by org.testng.reporters.JUnitXMLReporter -->
<testsuite ignored="0" hostname="LAPTOP-244IHO30" failures="0" tests="3" name="CarLoan" time="0.068" errors="0" timestamp="2023-03-11T17:50:55 IST">
  <testcase classname="demo.TestNgTutorialCarLoan" name="LoginAPICraLoan" time="0.005"/>
  <testcase classname="demo.TestNgTutorialCarLoan" name="mobileLogincarLoan" time="0.002"/>
  <testcase classname="demo.TestNgTutorialCarLoan" name="webLogincarLoan" time="0.001"/>
</testsuite> <!-- CarLoan -->
