<?xml version="1.0" encoding="UTF-8"?>
<!-- Generated by org.testng.reporters.JUnitXMLReporter -->
<testsuite ignored="0" hostname="LAPTOP-244IHO30" failures="0" tests="4" name="CreditCardLoan" time="0.017" errors="0" timestamp="2023-03-05T20:16:25 IST">
  <testcase classname="demo.TestNgTutorial" name="demo1" time="0.001"/>
  <testcase classname="demo.TestNgTutorial" name="demo2" time="0.001"/>
  <testcase classname="demo.TestNgTutorial2" name="demo1" time="0.002"/>
  <testcase classname="demo.TestNgTutorial2" name="demo2" time="0.001"/>
</testsuite> <!-- CreditCardLoan -->
