<?xml version="1.0" encoding="UTF-8"?>
<!-- Generated by org.testng.reporters.JUnitXMLReporter -->
<testsuite ignored="0" hostname="LAPTOP-244IHO30" failures="0" tests="3" name="HomeLoan" time="0.065" errors="0" timestamp="2023-03-11T17:50:55 IST">
  <testcase classname="demo.TestNgTutorialHomeLoan" name="LoginAPIHomeLoan" time="0.008"/>
  <testcase classname="demo.TestNgTutorialHomeLoan" name="mobileLoginHomeLoan" time="0.001"/>
  <testcase classname="demo.TestNgTutorialHomeLoan" name="webLoginHomeLoan" time="0.002"/>
</testsuite> <!-- HomeLoan -->
