<?xml version="1.0" encoding="UTF-8"?>
<!-- Generated by org.testng.reporters.JUnitXMLReporter -->
<testsuite ignored="0" hostname="LAPTOP-244IHO30" failures="0" tests="5" name="PersonelLoan" time="0.077" errors="0" timestamp="2023-03-11T17:50:55 IST">
  <testcase classname="demo.TestNgTutorialPersonelLoan" name="loginWithAPI" time="0.005"/>
  <testcase classname="demo.TestNgTutorialPersonelLoan" name="loginWithMobile" time="0.002"/>
  <testcase classname="demo.TestNgTutorialPersonelLoan" name="loginWithWeb" time="0.002"/>
  <testcase classname="demo.TestNgTutorialPersonelLoan" name="loginWithWeb" time="0.001"/>
  <testcase classname="demo.TestNgTutorialPersonelLoan" name="loginWithWeb" time="0.003"/>
</testsuite> <!-- PersonelLoan -->
