<?xml version="1.0" encoding="UTF-8"?>
<!-- Generated by org.testng.reporters.JUnitXMLReporter -->
<testsuite ignored="3" hostname="LAPTOP-244IHO30" failures="0" tests="6" name="Regression" time="0.051" errors="0" timestamp="2023-03-11T14:48:59 IST">
  <testcase classname="demo.TestNgTutorialHomeLoan" name="LoginAPIHomeLoan" time="0.004"/>
  <testcase classname="demo.TestNgTutorialHomeLoan" name="webLoginHomeLoan" time="0.001"/>
  <testcase classname="demo.TestNgTutorialPersonelLoan" name="loginWithMobile" time="0.001"/>
  <testcase classname="demo.TestNgTutorialPersonelLoan" name="loginWithWeb" time="0.001"/>
  <testcase classname="demo.TestNgTutorialCarLoan" name="mobileLogincarLoan" time="0.001"/>
  <testcase classname="demo.TestNgTutorialCarLoan" name="webLogincarLoan" time="0.001"/>
  <testcase classname="demo.TestNgTutorialHomeLoan" name="mobileLoginHomeLoan" time="0.0">
    <ignored/>
  </testcase> <!-- mobileLoginHomeLoan -->
  <testcase classname="demo.TestNgTutorialPersonelLoan" name="loginWithAPI" time="0.0">
    <ignored/>
  </testcase> <!-- loginWithAPI -->
  <testcase classname="demo.TestNgTutorialCarLoan" name="LoginAPICraLoan" time="0.0">
    <ignored/>
  </testcase> <!-- LoginAPICraLoan -->
</testsuite> <!-- Regression -->
